<?xml version="1.0" encoding="UTF-8"?>
<testsuite xmlns:xsi="http://www.w3.org/2001/XMLSchema-instance" xsi:noNamespaceSchemaLocation="https://maven.apache.org/surefire/maven-surefire-plugin/xsd/surefire-test-report-3.0.xsd" version="3.0" name="com.example.todoapp.service.TaskToggleStatusTest" time="0.145" tests="3" errors="0" skipped="0" failures="0">
  <properties>
[...]
</properties>
  <testcase name="testToggleStatusSuccess" classname="com.example.todoapp.service.TaskToggleStatusTest" time="0.049">
    <system-out><![CDATA[2026-07-05T19:43:17.300+07:00 DEBUG 9204 --- [todoapp] [           main] org.hibernate.SQL                        : 
    /* insert for
        com.example.todoapp.entity.Task */insert 
    into
        tasks (created_at, deleted_at, description, priority, status, title, updated_at, version, id) 
    values
        (?, ?, ?, ?, ?, ?, ?, ?, default)
Hibernate: 
    /* insert for
        com.example.todoapp.entity.Task */insert 
    into
        tasks (created_at, deleted_at, description, priority, status, title, updated_at, version, id) 
    values
        (?, ?, ?, ?, ?, ?, ?, ?, default)
2026-07-05T19:43:17.306+07:00 DEBUG 9204 --- [todoapp] [           main] org.hibernate.SQL                        : 
    select
        t1_0.id,
        t1_0.created_at,
        t1_0.deleted_at,
        t1_0.description,
        t1_0.priority,
        t1_0.status,
        t1_0.title,
        t1_0.updated_at,
        t1_0.version 
    from
        tasks t1_0 
    where
        t1_0.id=? 
        and (
            t1_0.deleted_at IS NULL
        )
Hibernate: 
    select
        t1_0.id,
        t1_0.created_at,
        t1_0.deleted_at,
        t1_0.description,
        t1_0.priority,
        t1_0.status,
        t1_0.title,
        t1_0.updated_at,
        t1_0.version 
    from
        tasks t1_0 
    where
        t1_0.id=? 
        and (
            t1_0.deleted_at IS NULL
        )
2026-07-05T19:43:17.325+07:00 DEBUG 9204 --- [todoapp] [           main] org.hibernate.SQL                        : 
    /* update
        for com.example.todoapp.entity.Task */update tasks 
    set
        deleted_at=?,
        description=?,
        priority=?,
        status=?,
        title=?,
        updated_at=?,
        version=? 
    where
        id=? 
        and version=?
Hibernate: 
    /* update
        for com.example.todoapp.entity.Task */update tasks 
    set
        deleted_at=?,
        description=?,
        priority=?,
        status=?,
        title=?,
        updated_at=?,
        version=? 
    where
        id=? 
        and version=?
2026-07-05T19:43:17.330+07:00 DEBUG 9204 --- [todoapp] [           main] org.hibernate.SQL                        : 
    select
        t1_0.id,
        t1_0.created_at,
        t1_0.deleted_at,
        t1_0.description,
        t1_0.priority,
        t1_0.status,
        t1_0.title,
        t1_0.updated_at,
        t1_0.version 
    from
        tasks t1_0 
    where
        t1_0.id=? 
        and (
            t1_0.deleted_at IS NULL
        )
Hibernate: 
    select
        t1_0.id,
        t1_0.created_at,
        t1_0.deleted_at,
        t1_0.description,
        t1_0.priority,
        t1_0.status,
        t1_0.title,
        t1_0.updated_at,
        t1_0.version 
    from
        tasks t1_0 
    where
        t1_0.id=? 
        and (
            t1_0.deleted_at IS NULL
        )
2026-07-05T19:43:17.333+07:00 DEBUG 9204 --- [todoapp] [           main] org.hibernate.SQL                        : 
    /* update
        for com.example.todoapp.entity.Task */update tasks 
    set
        deleted_at=?,
        description=?,
        priority=?,
        status=?,
        title=?,
        updated_at=?,
        version=? 
    where
        id=? 
        and version=?
Hibernate: 
    /* update
        for com.example.todoapp.entity.Task */update tasks 
    set
        deleted_at=?,
        description=?,
        priority=?,
        status=?,
        title=?,
        updated_at=?,
        version=? 
    where
        id=? 
        and version=?
]]></system-out>
  </testcase>
  <testcase name="testToggleStatusConcurrentRaceCondition" classname="com.example.todoapp.service.TaskToggleStatusTest" time="0.046">
    <system-out><![CDATA[2026-07-05T19:43:17.357+07:00 DEBUG 9204 --- [todoapp] [           main] org.hibernate.SQL                        : 
    /* insert for
        com.example.todoapp.entity.Task */insert 
    into
        tasks (created_at, deleted_at, description, priority, status, title, updated_at, version, id) 
    values
        (?, ?, ?, ?, ?, ?, ?, ?, default)
Hibernate: 
    /* insert for
        com.example.todoapp.entity.Task */insert 
    into
        tasks (created_at, deleted_at, description, priority, status, title, updated_at, version, id) 
    values
        (?, ?, ?, ?, ?, ?, ?, ?, default)
2026-07-05T19:43:17.363+07:00 DEBUG 9204 --- [todoapp] [pool-2-thread-2] org.hibernate.SQL                        : 
    select
        t1_0.id,
        t1_0.created_at,
        t1_0.deleted_at,
        t1_0.description,
        t1_0.priority,
        t1_0.status,
        t1_0.title,
        t1_0.updated_at,
        t1_0.version 
    from
        tasks t1_0 
    where
        t1_0.id=? 
        and (
            t1_0.deleted_at IS NULL
        )
Hibernate: 
    select
        t1_0.id,
        t1_0.created_at,
        t1_0.deleted_at,
        t1_0.description,
        t1_0.priority,
        t1_0.status,
        t1_0.title,
        t1_0.updated_at,
        t1_0.version 
    from
        tasks t1_0 
    where
        t1_0.id=? 
        and (
            t1_0.deleted_at IS NULL
        )
2026-07-05T19:43:17.365+07:00 DEBUG 9204 --- [todoapp] [pool-2-thread-1] org.hibernate.SQL                        : 
    select
        t1_0.id,
        t1_0.created_at,
        t1_0.deleted_at,
        t1_0.description,
        t1_0.priority,
        t1_0.status,
        t1_0.title,
        t1_0.updated_at,
        t1_0.version 
    from
        tasks t1_0 
    where
        t1_0.id=? 
        and (
            t1_0.deleted_at IS NULL
        )
Hibernate: 
    select
        t1_0.id,
        t1_0.created_at,
        t1_0.deleted_at,
        t1_0.description,
        t1_0.priority,
        t1_0.status,
        t1_0.title,
        t1_0.updated_at,
        t1_0.version 
    from
        tasks t1_0 
    where
        t1_0.id=? 
        and (
            t1_0.deleted_at IS NULL
        )
2026-07-05T19:43:17.368+07:00 DEBUG 9204 --- [todoapp] [pool-2-thread-2] org.hibernate.SQL                        : 
    /* update
        for com.example.todoapp.entity.Task */update tasks 
    set
        deleted_at=?,
        description=?,
        priority=?,
        status=?,
        title=?,
        updated_at=?,
        version=? 
    where
        id=? 
        and version=?
Hibernate: 
    /* update
        for com.example.todoapp.entity.Task */update tasks 
    set
        deleted_at=?,
        description=?,
        priority=?,
        status=?,
        title=?,
        updated_at=?,
        version=? 
    where
        id=? 
        and version=?
2026-07-05T19:43:17.372+07:00 DEBUG 9204 --- [todoapp] [pool-2-thread-1] org.hibernate.SQL                        : 
    /* update
        for com.example.todoapp.entity.Task */update tasks 
    set
        deleted_at=?,
        description=?,
        priority=?,
        status=?,
        title=?,
        updated_at=?,
        version=? 
    where
        id=? 
        and version=?
Hibernate: 
    /* update
        for com.example.todoapp.entity.Task */update tasks 
    set
        deleted_at=?,
        description=?,
        priority=?,
        status=?,
        title=?,
        updated_at=?,
        version=? 
    where
        id=? 
        and version=?
2026-07-05T19:43:17.381+07:00 DEBUG 9204 --- [todoapp] [pool-2-thread-1] org.hibernate.SQL                        : 
    select
        t1_0.id,
        t1_0.created_at,
        t1_0.deleted_at,
        t1_0.description,
        t1_0.priority,
        t1_0.status,
        t1_0.title,
        t1_0.updated_at,
        t1_0.version 
    from
        tasks t1_0 
    where
        t1_0.id=? 
        and (
            t1_0.deleted_at IS NULL
        )
Hibernate: 
    select
        t1_0.id,
        t1_0.created_at,
        t1_0.deleted_at,
        t1_0.description,
        t1_0.priority,
        t1_0.status,
        t1_0.title,
        t1_0.updated_at,
        t1_0.version 
    from
        tasks t1_0 
    where
        t1_0.id=? 
        and (
            t1_0.deleted_at IS NULL
        )
]]></system-out>
  </testcase>
  <testcase name="testToggleStatusNotFound" classname="com.example.todoapp.service.TaskToggleStatusTest" time="0.016">
    <system-out><![CDATA[2026-07-05T19:43:17.401+07:00 DEBUG 9204 --- [todoapp] [           main] org.hibernate.SQL                        : 
    select
        t1_0.id,
        t1_0.created_at,
        t1_0.deleted_at,
        t1_0.description,
        t1_0.priority,
        t1_0.status,
        t1_0.title,
        t1_0.updated_at,
        t1_0.version 
    from
        tasks t1_0 
    where
        t1_0.id=? 
        and (
            t1_0.deleted_at IS NULL
        )
Hibernate: 
    select
        t1_0.id,
        t1_0.created_at,
        t1_0.deleted_at,
        t1_0.description,
        t1_0.priority,
        t1_0.status,
        t1_0.title,
        t1_0.updated_at,
        t1_0.version 
    from
        tasks t1_0 
    where
        t1_0.id=? 
        and (
            t1_0.deleted_at IS NULL
        )
]]></system-out>
  </testcase>
</testsuite>